{"C:\\Users\\nicol\\Documents\\petpal-backend\\src\\app.js": {"path":"C:\\Users\\nicol\\Documents\\petpal-backend\\src\\app.js","statementMap":{"0":{"start":{"line":2,"column":16},"end":{"line":2,"column":34}},"1":{"start":{"line":3,"column":15},"end":{"line":3,"column":32}},"2":{"start":{"line":4,"column":19},"end":{"line":4,"column":49}},"3":{"start":{"line":5,"column":18},"end":{"line":5,"column":47}},"4":{"start":{"line":6,"column":21},"end":{"line":6,"column":53}},"5":{"start":{"line":7,"column":26},"end":{"line":7,"column":63}},"6":{"start":{"line":8,"column":19},"end":{"line":8,"column":49}},"7":{"start":{"line":10,"column":0},"end":{"line":10,"column":16}},"8":{"start":{"line":11,"column":12},"end":{"line":11,"column":21}},"9":{"start":{"line":12,"column":13},"end":{"line":12,"column":37}},"10":{"start":{"line":14,"column":0},"end":{"line":14,"column":24}},"11":{"start":{"line":17,"column":0},"end":{"line":17,"column":49}},"12":{"start":{"line":18,"column":0},"end":{"line":18,"column":34}},"13":{"start":{"line":19,"column":0},"end":{"line":19,"column":58}},"14":{"start":{"line":21,"column":0},"end":{"line":21,"column":32}},"15":{"start":{"line":22,"column":0},"end":{"line":22,"column":57}},"16":{"start":{"line":24,"column":0},"end":{"line":24,"column":38}},"17":{"start":{"line":25,"column":0},"end":{"line":25,"column":60}},"18":{"start":{"line":27,"column":0},"end":{"line":27,"column":48}},"19":{"start":{"line":28,"column":0},"end":{"line":28,"column":65}},"20":{"start":{"line":30,"column":0},"end":{"line":30,"column":33}},"21":{"start":{"line":31,"column":0},"end":{"line":31,"column":57}},"22":{"start":{"line":34,"column":0},"end":{"line":36,"column":3}},"23":{"start":{"line":35,"column":4},"end":{"line":35,"column":56}},"24":{"start":{"line":40,"column":0},"end":{"line":42,"column":3}},"25":{"start":{"line":41,"column":4},"end":{"line":41,"column":68}},"26":{"start":{"line":44,"column":0},"end":{"line":44,"column":21}}},"fnMap":{"0":{"name":"(anonymous_0)","decl":{"start":{"line":34,"column":13},"end":{"line":34,"column":14}},"loc":{"start":{"line":34,"column":27},"end":{"line":36,"column":1}},"line":34},"1":{"name":"(anonymous_1)","decl":{"start":{"line":40,"column":17},"end":{"line":40,"column":18}},"loc":{"start":{"line":40,"column":23},"end":{"line":42,"column":1}},"line":40}},"branchMap":{"0":{"loc":{"start":{"line":12,"column":13},"end":{"line":12,"column":37}},"type":"binary-expr","locations":[{"start":{"line":12,"column":13},"end":{"line":12,"column":29}},{"start":{"line":12,"column":33},"end":{"line":12,"column":37}}],"line":12}},"s":{"0":1,"1":1,"2":1,"3":1,"4":1,"5":1,"6":1,"7":1,"8":1,"9":1,"10":1,"11":1,"12":1,"13":1,"14":1,"15":1,"16":1,"17":1,"18":1,"19":1,"20":1,"21":1,"22":1,"23":0,"24":1,"25":1,"26":1},"f":{"0":0,"1":1},"b":{"0":[1,0]},"_coverageSchema":"1a1c01bbd47fc00a2c39e90264f33305004495a9","hash":"8e6322faa960dfffa0a54f37f290a1883a40fdbd"}
,"C:\\Users\\nicol\\Documents\\petpal-backend\\src\\config\\db.js": {"path":"C:\\Users\\nicol\\Documents\\petpal-backend\\src\\config\\db.js","statementMap":{"0":{"start":{"line":2,"column":14},"end":{"line":2,"column":31}},"1":{"start":{"line":3,"column":0},"end":{"line":3,"column":27}},"2":{"start":{"line":5,"column":19},"end":{"line":13,"column":6}},"3":{"start":{"line":15,"column":0},"end":{"line":21,"column":3}},"4":{"start":{"line":16,"column":2},"end":{"line":19,"column":3}},"5":{"start":{"line":17,"column":4},"end":{"line":17,"column":73}},"6":{"start":{"line":18,"column":4},"end":{"line":18,"column":11}},"7":{"start":{"line":20,"column":2},"end":{"line":20,"column":55}},"8":{"start":{"line":23,"column":0},"end":{"line":23,"column":28}}},"fnMap":{"0":{"name":"(anonymous_0)","decl":{"start":{"line":15,"column":19},"end":{"line":15,"column":20}},"loc":{"start":{"line":15,"column":26},"end":{"line":21,"column":1}},"line":15}},"branchMap":{"0":{"loc":{"start":{"line":5,"column":19},"end":{"line":13,"column":6}},"type":"cond-expr","locations":[{"start":{"line":6,"column":4},"end":{"line":6,"column":52}},{"start":{"line":7,"column":4},"end":{"line":13,"column":6}}],"line":5},"1":{"loc":{"start":{"line":16,"column":2},"end":{"line":19,"column":3}},"type":"if","locations":[{"start":{"line":16,"column":2},"end":{"line":19,"column":3}},{"start":{},"end":{}}],"line":16}},"s":{"0":1,"1":1,"2":1,"3":1,"4":1,"5":0,"6":0,"7":1,"8":1},"f":{"0":1},"b":{"0":[0,1],"1":[0,1]},"_coverageSchema":"1a1c01bbd47fc00a2c39e90264f33305004495a9","hash":"992da0a5168c3dd0fb4bb6859eea9a5a199ef769"}
,"C:\\Users\\nicol\\Documents\\petpal-backend\\src\\controllers\\authController.js": {"path":"C:\\Users\\nicol\\Documents\\petpal-backend\\src\\controllers\\authController.js","statementMap":{"0":{"start":{"line":2,"column":11},"end":{"line":2,"column":34}},"1":{"start":{"line":3,"column":12},"end":{"line":3,"column":35}},"2":{"start":{"line":4,"column":15},"end":{"line":4,"column":34}},"3":{"start":{"line":5,"column":13},"end":{"line":5,"column":43}},"4":{"start":{"line":6,"column":15},"end":{"line":6,"column":32}},"5":{"start":{"line":7,"column":0},"end":{"line":7,"column":16}},"6":{"start":{"line":9,"column":14},"end":{"line":50,"column":1}},"7":{"start":{"line":10,"column":4},"end":{"line":10,"column":44}},"8":{"start":{"line":11,"column":32},"end":{"line":11,"column":40}},"9":{"start":{"line":13,"column":4},"end":{"line":49,"column":7}},"10":{"start":{"line":14,"column":8},"end":{"line":17,"column":9}},"11":{"start":{"line":15,"column":12},"end":{"line":15,"column":72}},"12":{"start":{"line":16,"column":12},"end":{"line":16,"column":78}},"13":{"start":{"line":19,"column":8},"end":{"line":19,"column":51}},"14":{"start":{"line":20,"column":21},"end":{"line":20,"column":31}},"15":{"start":{"line":23,"column":32},"end":{"line":23,"column":75}},"16":{"start":{"line":25,"column":8},"end":{"line":28,"column":9}},"17":{"start":{"line":26,"column":12},"end":{"line":26,"column":49}},"18":{"start":{"line":27,"column":12},"end":{"line":27,"column":78}},"19":{"start":{"line":31,"column":22},"end":{"line":33,"column":10}},"20":{"start":{"line":35,"column":8},"end":{"line":35,"column":52}},"21":{"start":{"line":36,"column":8},"end":{"line":48,"column":11}},"22":{"start":{"line":53,"column":17},"end":{"line":97,"column":1}},"23":{"start":{"line":54,"column":4},"end":{"line":54,"column":61}},"24":{"start":{"line":56,"column":78},"end":{"line":56,"column":86}},"25":{"start":{"line":59,"column":4},"end":{"line":61,"column":5}},"26":{"start":{"line":60,"column":8},"end":{"line":60,"column":86}},"27":{"start":{"line":63,"column":27},"end":{"line":63,"column":55}},"28":{"start":{"line":65,"column":18},"end":{"line":68,"column":5}},"29":{"start":{"line":70,"column":4},"end":{"line":96,"column":7}},"30":{"start":{"line":71,"column":8},"end":{"line":74,"column":9}},"31":{"start":{"line":72,"column":12},"end":{"line":72,"column":75}},"32":{"start":{"line":73,"column":12},"end":{"line":73,"column":86}},"33":{"start":{"line":76,"column":8},"end":{"line":76,"column":68}},"34":{"start":{"line":78,"column":22},"end":{"line":80,"column":10}},"35":{"start":{"line":82,"column":8},"end":{"line":95,"column":11}},"36":{"start":{"line":99,"column":0},"end":{"line":102,"column":2}}},"fnMap":{"0":{"name":"(anonymous_0)","decl":{"start":{"line":9,"column":14},"end":{"line":9,"column":15}},"loc":{"start":{"line":9,"column":28},"end":{"line":50,"column":1}},"line":9},"1":{"name":"(anonymous_1)","decl":{"start":{"line":13,"column":27},"end":{"line":13,"column":28}},"loc":{"start":{"line":13,"column":45},"end":{"line":49,"column":5}},"line":13},"2":{"name":"(anonymous_2)","decl":{"start":{"line":53,"column":17},"end":{"line":53,"column":18}},"loc":{"start":{"line":53,"column":31},"end":{"line":97,"column":1}},"line":53},"3":{"name":"(anonymous_3)","decl":{"start":{"line":70,"column":91},"end":{"line":70,"column":92}},"loc":{"start":{"line":70,"column":108},"end":{"line":96,"column":5}},"line":70}},"branchMap":{"0":{"loc":{"start":{"line":14,"column":8},"end":{"line":17,"column":9}},"type":"if","locations":[{"start":{"line":14,"column":8},"end":{"line":17,"column":9}},{"start":{},"end":{}}],"line":14},"1":{"loc":{"start":{"line":14,"column":12},"end":{"line":14,"column":39}},"type":"binary-expr","locations":[{"start":{"line":14,"column":12},"end":{"line":14,"column":15}},{"start":{"line":14,"column":19},"end":{"line":14,"column":39}}],"line":14},"2":{"loc":{"start":{"line":25,"column":8},"end":{"line":28,"column":9}},"type":"if","locations":[{"start":{"line":25,"column":8},"end":{"line":28,"column":9}},{"start":{},"end":{}}],"line":25},"3":{"loc":{"start":{"line":59,"column":4},"end":{"line":61,"column":5}},"type":"if","locations":[{"start":{"line":59,"column":4},"end":{"line":61,"column":5}},{"start":{},"end":{}}],"line":59},"4":{"loc":{"start":{"line":59,"column":8},"end":{"line":59,"column":91}},"type":"binary-expr","locations":[{"start":{"line":59,"column":8},"end":{"line":59,"column":13}},{"start":{"line":59,"column":17},"end":{"line":59,"column":23}},{"start":{"line":59,"column":27},"end":{"line":59,"column":36}},{"start":{"line":59,"column":40},"end":{"line":59,"column":45}},{"start":{"line":59,"column":49},"end":{"line":59,"column":53}},{"start":{"line":59,"column":57},"end":{"line":59,"column":67}},{"start":{"line":59,"column":71},"end":{"line":59,"column":78}},{"start":{"line":59,"column":82},"end":{"line":59,"column":91}}],"line":59},"5":{"loc":{"start":{"line":71,"column":8},"end":{"line":74,"column":9}},"type":"if","locations":[{"start":{"line":71,"column":8},"end":{"line":74,"column":9}},{"start":{},"end":{}}],"line":71}},"s":{"0":1,"1":1,"2":1,"3":1,"4":1,"5":1,"6":1,"7":1,"8":1,"9":1,"10":1,"11":1,"12":1,"13":0,"14":0,"15":0,"16":0,"17":0,"18":0,"19":0,"20":0,"21":0,"22":1,"23":0,"24":0,"25":0,"26":0,"27":0,"28":0,"29":0,"30":0,"31":0,"32":0,"33":0,"34":0,"35":0,"36":1},"f":{"0":1,"1":1,"2":0,"3":0},"b":{"0":[1,0],"1":[1,1],"2":[0,0],"3":[0,0],"4":[0,0,0,0,0,0,0,0],"5":[0,0]},"_coverageSchema":"1a1c01bbd47fc00a2c39e90264f33305004495a9","hash":"b0258cc4fdc7c11ce89441f2bee9822237452efd"}
,"C:\\Users\\nicol\\Documents\\petpal-backend\\src\\controllers\\petController.js": {"path":"C:\\Users\\nicol\\Documents\\petpal-backend\\src\\controllers\\petController.js","statementMap":{"0":{"start":{"line":2,"column":12},"end":{"line":2,"column":41}},"1":{"start":{"line":4,"column":19},"end":{"line":12,"column":1}},"2":{"start":{"line":5,"column":4},"end":{"line":11,"column":7}},"3":{"start":{"line":6,"column":8},"end":{"line":10,"column":9}},"4":{"start":{"line":7,"column":12},"end":{"line":7,"column":79}},"5":{"start":{"line":9,"column":12},"end":{"line":9,"column":42}},"6":{"start":{"line":14,"column":19},"end":{"line":23,"column":1}},"7":{"start":{"line":15,"column":18},"end":{"line":15,"column":31}},"8":{"start":{"line":16,"column":4},"end":{"line":22,"column":7}},"9":{"start":{"line":17,"column":8},"end":{"line":21,"column":9}},"10":{"start":{"line":18,"column":12},"end":{"line":18,"column":77}},"11":{"start":{"line":20,"column":12},"end":{"line":20,"column":45}},"12":{"start":{"line":25,"column":18},"end":{"line":44,"column":1}},"13":{"start":{"line":26,"column":19},"end":{"line":29,"column":5}},"14":{"start":{"line":33,"column":4},"end":{"line":35,"column":5}},"15":{"start":{"line":34,"column":8},"end":{"line":34,"column":78}},"16":{"start":{"line":37,"column":4},"end":{"line":43,"column":7}},"17":{"start":{"line":38,"column":8},"end":{"line":42,"column":9}},"18":{"start":{"line":39,"column":12},"end":{"line":39,"column":75}},"19":{"start":{"line":41,"column":12},"end":{"line":41,"column":100}},"20":{"start":{"line":47,"column":18},"end":{"line":57,"column":1}},"21":{"start":{"line":48,"column":18},"end":{"line":48,"column":31}},"22":{"start":{"line":49,"column":20},"end":{"line":49,"column":28}},"23":{"start":{"line":50,"column":4},"end":{"line":56,"column":7}},"24":{"start":{"line":51,"column":8},"end":{"line":55,"column":9}},"25":{"start":{"line":52,"column":12},"end":{"line":52,"column":80}},"26":{"start":{"line":54,"column":12},"end":{"line":54,"column":83}},"27":{"start":{"line":59,"column":18},"end":{"line":68,"column":1}},"28":{"start":{"line":60,"column":18},"end":{"line":60,"column":31}},"29":{"start":{"line":61,"column":4},"end":{"line":67,"column":7}},"30":{"start":{"line":62,"column":8},"end":{"line":66,"column":9}},"31":{"start":{"line":63,"column":12},"end":{"line":63,"column":78}},"32":{"start":{"line":65,"column":12},"end":{"line":65,"column":81}},"33":{"start":{"line":70,"column":22},"end":{"line":80,"column":1}},"34":{"start":{"line":71,"column":19},"end":{"line":71,"column":30}},"35":{"start":{"line":72,"column":4},"end":{"line":72,"column":64}},"36":{"start":{"line":74,"column":4},"end":{"line":79,"column":7}},"37":{"start":{"line":75,"column":8},"end":{"line":77,"column":9}},"38":{"start":{"line":76,"column":12},"end":{"line":76,"column":98}},"39":{"start":{"line":78,"column":8},"end":{"line":78,"column":38}},"40":{"start":{"line":87,"column":0},"end":{"line":95,"column":2}}},"fnMap":{"0":{"name":"(anonymous_0)","decl":{"start":{"line":4,"column":19},"end":{"line":4,"column":20}},"loc":{"start":{"line":4,"column":33},"end":{"line":12,"column":1}},"line":4},"1":{"name":"(anonymous_1)","decl":{"start":{"line":5,"column":15},"end":{"line":5,"column":16}},"loc":{"start":{"line":5,"column":33},"end":{"line":11,"column":5}},"line":5},"2":{"name":"(anonymous_2)","decl":{"start":{"line":14,"column":19},"end":{"line":14,"column":20}},"loc":{"start":{"line":14,"column":33},"end":{"line":23,"column":1}},"line":14},"3":{"name":"(anonymous_3)","decl":{"start":{"line":16,"column":23},"end":{"line":16,"column":24}},"loc":{"start":{"line":16,"column":41},"end":{"line":22,"column":5}},"line":16},"4":{"name":"(anonymous_4)","decl":{"start":{"line":25,"column":18},"end":{"line":25,"column":19}},"loc":{"start":{"line":25,"column":32},"end":{"line":44,"column":1}},"line":25},"5":{"name":"(anonymous_5)","decl":{"start":{"line":37,"column":23},"end":{"line":37,"column":24}},"loc":{"start":{"line":37,"column":41},"end":{"line":43,"column":5}},"line":37},"6":{"name":"(anonymous_6)","decl":{"start":{"line":47,"column":18},"end":{"line":47,"column":19}},"loc":{"start":{"line":47,"column":32},"end":{"line":57,"column":1}},"line":47},"7":{"name":"(anonymous_7)","decl":{"start":{"line":50,"column":31},"end":{"line":50,"column":32}},"loc":{"start":{"line":50,"column":40},"end":{"line":56,"column":5}},"line":50},"8":{"name":"(anonymous_8)","decl":{"start":{"line":59,"column":18},"end":{"line":59,"column":19}},"loc":{"start":{"line":59,"column":32},"end":{"line":68,"column":1}},"line":59},"9":{"name":"(anonymous_9)","decl":{"start":{"line":61,"column":22},"end":{"line":61,"column":23}},"loc":{"start":{"line":61,"column":31},"end":{"line":67,"column":5}},"line":61},"10":{"name":"(anonymous_10)","decl":{"start":{"line":70,"column":22},"end":{"line":70,"column":23}},"loc":{"start":{"line":70,"column":36},"end":{"line":80,"column":1}},"line":70},"11":{"name":"(anonymous_11)","decl":{"start":{"line":74,"column":28},"end":{"line":74,"column":29}},"loc":{"start":{"line":74,"column":46},"end":{"line":79,"column":5}},"line":74}},"branchMap":{"0":{"loc":{"start":{"line":6,"column":8},"end":{"line":10,"column":9}},"type":"if","locations":[{"start":{"line":6,"column":8},"end":{"line":10,"column":9}},{"start":{"line":8,"column":15},"end":{"line":10,"column":9}}],"line":6},"1":{"loc":{"start":{"line":17,"column":8},"end":{"line":21,"column":9}},"type":"if","locations":[{"start":{"line":17,"column":8},"end":{"line":21,"column":9}},{"start":{"line":19,"column":15},"end":{"line":21,"column":9}}],"line":17},"2":{"loc":{"start":{"line":33,"column":4},"end":{"line":35,"column":5}},"type":"if","locations":[{"start":{"line":33,"column":4},"end":{"line":35,"column":5}},{"start":{},"end":{}}],"line":33},"3":{"loc":{"start":{"line":33,"column":8},"end":{"line":33,"column":71}},"type":"binary-expr","locations":[{"start":{"line":33,"column":8},"end":{"line":33,"column":20}},{"start":{"line":33,"column":24},"end":{"line":33,"column":37}},{"start":{"line":33,"column":41},"end":{"line":33,"column":52}},{"start":{"line":33,"column":56},"end":{"line":33,"column":71}}],"line":33},"4":{"loc":{"start":{"line":38,"column":8},"end":{"line":42,"column":9}},"type":"if","locations":[{"start":{"line":38,"column":8},"end":{"line":42,"column":9}},{"start":{"line":40,"column":15},"end":{"line":42,"column":9}}],"line":38},"5":{"loc":{"start":{"line":51,"column":8},"end":{"line":55,"column":9}},"type":"if","locations":[{"start":{"line":51,"column":8},"end":{"line":55,"column":9}},{"start":{"line":53,"column":15},"end":{"line":55,"column":9}}],"line":51},"6":{"loc":{"start":{"line":62,"column":8},"end":{"line":66,"column":9}},"type":"if","locations":[{"start":{"line":62,"column":8},"end":{"line":66,"column":9}},{"start":{"line":64,"column":15},"end":{"line":66,"column":9}}],"line":62},"7":{"loc":{"start":{"line":75,"column":8},"end":{"line":77,"column":9}},"type":"if","locations":[{"start":{"line":75,"column":8},"end":{"line":77,"column":9}},{"start":{},"end":{}}],"line":75}},"s":{"0":1,"1":1,"2":0,"3":0,"4":0,"5":0,"6":1,"7":0,"8":0,"9":0,"10":0,"11":0,"12":1,"13":0,"14":0,"15":0,"16":0,"17":0,"18":0,"19":0,"20":1,"21":0,"22":0,"23":0,"24":0,"25":0,"26":0,"27":1,"28":0,"29":0,"30":0,"31":0,"32":0,"33":1,"34":0,"35":0,"36":0,"37":0,"38":0,"39":0,"40":1},"f":{"0":0,"1":0,"2":0,"3":0,"4":0,"5":0,"6":0,"7":0,"8":0,"9":0,"10":0,"11":0},"b":{"0":[0,0],"1":[0,0],"2":[0,0],"3":[0,0,0,0],"4":[0,0],"5":[0,0],"6":[0,0],"7":[0,0]},"_coverageSchema":"1a1c01bbd47fc00a2c39e90264f33305004495a9","hash":"fb97504eb17eae76cfbd1277c7f13ac57fdff8d0"}
,"C:\\Users\\nicol\\Documents\\petpal-backend\\src\\controllers\\petpalController.js": {"path":"C:\\Users\\nicol\\Documents\\petpal-backend\\src\\controllers\\petpalController.js","statementMap":{"0":{"start":{"line":2,"column":15},"end":{"line":2,"column":47}},"1":{"start":{"line":3,"column":11},"end":{"line":3,"column":34}},"2":{"start":{"line":6,"column":22},"end":{"line":14,"column":1}},"3":{"start":{"line":7,"column":4},"end":{"line":13,"column":7}},"4":{"start":{"line":8,"column":8},"end":{"line":12,"column":9}},"5":{"start":{"line":9,"column":12},"end":{"line":9,"column":89}},"6":{"start":{"line":11,"column":12},"end":{"line":11,"column":42}},"7":{"start":{"line":16,"column":22},"end":{"line":25,"column":1}},"8":{"start":{"line":17,"column":21},"end":{"line":17,"column":34}},"9":{"start":{"line":18,"column":4},"end":{"line":24,"column":7}},"10":{"start":{"line":19,"column":8},"end":{"line":23,"column":9}},"11":{"start":{"line":20,"column":12},"end":{"line":20,"column":86}},"12":{"start":{"line":22,"column":12},"end":{"line":22,"column":45}},"13":{"start":{"line":27,"column":25},"end":{"line":36,"column":1}},"14":{"start":{"line":28,"column":19},"end":{"line":28,"column":30}},"15":{"start":{"line":30,"column":4},"end":{"line":35,"column":7}},"16":{"start":{"line":31,"column":8},"end":{"line":33,"column":9}},"17":{"start":{"line":32,"column":12},"end":{"line":32,"column":108}},"18":{"start":{"line":34,"column":8},"end":{"line":34,"column":38}},"19":{"start":{"line":39,"column":21},"end":{"line":76,"column":1}},"20":{"start":{"line":40,"column":19},"end":{"line":40,"column":30}},"21":{"start":{"line":50,"column":8},"end":{"line":50,"column":16}},"22":{"start":{"line":53,"column":4},"end":{"line":55,"column":5}},"23":{"start":{"line":54,"column":8},"end":{"line":54,"column":100}},"24":{"start":{"line":57,"column":22},"end":{"line":66,"column":5}},"25":{"start":{"line":68,"column":4},"end":{"line":75,"column":7}},"26":{"start":{"line":69,"column":8},"end":{"line":74,"column":9}},"27":{"start":{"line":70,"column":12},"end":{"line":70,"column":80}},"28":{"start":{"line":71,"column":12},"end":{"line":71,"column":84}},"29":{"start":{"line":73,"column":12},"end":{"line":73,"column":109}},"30":{"start":{"line":79,"column":21},"end":{"line":89,"column":1}},"31":{"start":{"line":80,"column":21},"end":{"line":80,"column":34}},"32":{"start":{"line":81,"column":23},"end":{"line":81,"column":31}},"33":{"start":{"line":82,"column":4},"end":{"line":88,"column":7}},"34":{"start":{"line":83,"column":8},"end":{"line":87,"column":9}},"35":{"start":{"line":84,"column":12},"end":{"line":84,"column":89}},"36":{"start":{"line":86,"column":12},"end":{"line":86,"column":92}},"37":{"start":{"line":91,"column":21},"end":{"line":100,"column":1}},"38":{"start":{"line":92,"column":21},"end":{"line":92,"column":34}},"39":{"start":{"line":93,"column":4},"end":{"line":99,"column":7}},"40":{"start":{"line":94,"column":8},"end":{"line":98,"column":9}},"41":{"start":{"line":95,"column":12},"end":{"line":95,"column":87}},"42":{"start":{"line":97,"column":12},"end":{"line":97,"column":90}},"43":{"start":{"line":102,"column":22},"end":{"line":123,"column":1}},"44":{"start":{"line":103,"column":47},"end":{"line":103,"column":55}},"45":{"start":{"line":106,"column":15},"end":{"line":106,"column":22}},"46":{"start":{"line":107,"column":4},"end":{"line":107,"column":60}},"47":{"start":{"line":107,"column":44},"end":{"line":107,"column":60}},"48":{"start":{"line":108,"column":4},"end":{"line":108,"column":40}},"49":{"start":{"line":108,"column":25},"end":{"line":108,"column":40}},"50":{"start":{"line":110,"column":20},"end":{"line":114,"column":5}},"51":{"start":{"line":116,"column":4},"end":{"line":122,"column":7}},"52":{"start":{"line":117,"column":8},"end":{"line":121,"column":9}},"53":{"start":{"line":118,"column":12},"end":{"line":118,"column":81}},"54":{"start":{"line":120,"column":12},"end":{"line":120,"column":42}},"55":{"start":{"line":125,"column":22},"end":{"line":180,"column":1}},"56":{"start":{"line":126,"column":18},"end":{"line":126,"column":31}},"57":{"start":{"line":127,"column":19},"end":{"line":127,"column":30}},"58":{"start":{"line":128,"column":39},"end":{"line":128,"column":48}},"59":{"start":{"line":130,"column":4},"end":{"line":130,"column":78}},"60":{"start":{"line":133,"column":18},"end":{"line":133,"column":82}},"61":{"start":{"line":134,"column":4},"end":{"line":179,"column":7}},"62":{"start":{"line":135,"column":8},"end":{"line":138,"column":9}},"63":{"start":{"line":136,"column":12},"end":{"line":136,"column":77}},"64":{"start":{"line":137,"column":12},"end":{"line":137,"column":85}},"65":{"start":{"line":139,"column":8},"end":{"line":139,"column":61}},"66":{"start":{"line":141,"column":8},"end":{"line":144,"column":9}},"67":{"start":{"line":142,"column":12},"end":{"line":142,"column":78}},"68":{"start":{"line":143,"column":12},"end":{"line":143,"column":104}},"69":{"start":{"line":146,"column":49},"end":{"line":146,"column":62}},"70":{"start":{"line":147,"column":8},"end":{"line":147,"column":75}},"71":{"start":{"line":150,"column":19},"end":{"line":150,"column":26}},"72":{"start":{"line":151,"column":8},"end":{"line":151,"column":64}},"73":{"start":{"line":151,"column":48},"end":{"line":151,"column":64}},"74":{"start":{"line":152,"column":8},"end":{"line":152,"column":44}},"75":{"start":{"line":152,"column":29},"end":{"line":152,"column":44}},"76":{"start":{"line":153,"column":8},"end":{"line":153,"column":50}},"77":{"start":{"line":156,"column":25},"end":{"line":161,"column":5}},"78":{"start":{"line":162,"column":23},"end":{"line":162,"column":53}},"79":{"start":{"line":163,"column":8},"end":{"line":166,"column":9}},"80":{"start":{"line":164,"column":12},"end":{"line":164,"column":46}},"81":{"start":{"line":165,"column":12},"end":{"line":165,"column":34}},"82":{"start":{"line":167,"column":8},"end":{"line":167,"column":83}},"83":{"start":{"line":170,"column":8},"end":{"line":178,"column":11}},"84":{"start":{"line":171,"column":12},"end":{"line":174,"column":13}},"85":{"start":{"line":172,"column":16},"end":{"line":172,"column":82}},"86":{"start":{"line":173,"column":16},"end":{"line":173,"column":92}},"87":{"start":{"line":175,"column":12},"end":{"line":175,"column":72}},"88":{"start":{"line":176,"column":12},"end":{"line":176,"column":35}},"89":{"start":{"line":177,"column":12},"end":{"line":177,"column":94}},"90":{"start":{"line":184,"column":0},"end":{"line":193,"column":2}}},"fnMap":{"0":{"name":"(anonymous_0)","decl":{"start":{"line":6,"column":22},"end":{"line":6,"column":23}},"loc":{"start":{"line":6,"column":36},"end":{"line":14,"column":1}},"line":6},"1":{"name":"(anonymous_1)","decl":{"start":{"line":7,"column":18},"end":{"line":7,"column":19}},"loc":{"start":{"line":7,"column":36},"end":{"line":13,"column":5}},"line":7},"2":{"name":"(anonymous_2)","decl":{"start":{"line":16,"column":22},"end":{"line":16,"column":23}},"loc":{"start":{"line":16,"column":36},"end":{"line":25,"column":1}},"line":16},"3":{"name":"(anonymous_3)","decl":{"start":{"line":18,"column":29},"end":{"line":18,"column":30}},"loc":{"start":{"line":18,"column":47},"end":{"line":24,"column":5}},"line":18},"4":{"name":"(anonymous_4)","decl":{"start":{"line":27,"column":25},"end":{"line":27,"column":26}},"loc":{"start":{"line":27,"column":39},"end":{"line":36,"column":1}},"line":27},"5":{"name":"(anonymous_5)","decl":{"start":{"line":30,"column":31},"end":{"line":30,"column":32}},"loc":{"start":{"line":30,"column":49},"end":{"line":35,"column":5}},"line":30},"6":{"name":"(anonymous_6)","decl":{"start":{"line":39,"column":21},"end":{"line":39,"column":22}},"loc":{"start":{"line":39,"column":35},"end":{"line":76,"column":1}},"line":39},"7":{"name":"(anonymous_7)","decl":{"start":{"line":68,"column":29},"end":{"line":68,"column":30}},"loc":{"start":{"line":68,"column":47},"end":{"line":75,"column":5}},"line":68},"8":{"name":"(anonymous_8)","decl":{"start":{"line":79,"column":21},"end":{"line":79,"column":22}},"loc":{"start":{"line":79,"column":35},"end":{"line":89,"column":1}},"line":79},"9":{"name":"(anonymous_9)","decl":{"start":{"line":82,"column":40},"end":{"line":82,"column":41}},"loc":{"start":{"line":82,"column":49},"end":{"line":88,"column":5}},"line":82},"10":{"name":"(anonymous_10)","decl":{"start":{"line":91,"column":21},"end":{"line":91,"column":22}},"loc":{"start":{"line":91,"column":35},"end":{"line":100,"column":1}},"line":91},"11":{"name":"(anonymous_11)","decl":{"start":{"line":93,"column":28},"end":{"line":93,"column":29}},"loc":{"start":{"line":93,"column":37},"end":{"line":99,"column":5}},"line":93},"12":{"name":"(anonymous_12)","decl":{"start":{"line":102,"column":22},"end":{"line":102,"column":23}},"loc":{"start":{"line":102,"column":36},"end":{"line":123,"column":1}},"line":102},"13":{"name":"(anonymous_13)","decl":{"start":{"line":116,"column":27},"end":{"line":116,"column":28}},"loc":{"start":{"line":116,"column":45},"end":{"line":122,"column":5}},"line":116},"14":{"name":"(anonymous_14)","decl":{"start":{"line":125,"column":22},"end":{"line":125,"column":23}},"loc":{"start":{"line":125,"column":36},"end":{"line":180,"column":1}},"line":125},"15":{"name":"(anonymous_15)","decl":{"start":{"line":134,"column":37},"end":{"line":134,"column":38}},"loc":{"start":{"line":134,"column":58},"end":{"line":179,"column":5}},"line":134},"16":{"name":"(anonymous_16)","decl":{"start":{"line":170,"column":37},"end":{"line":170,"column":38}},"loc":{"start":{"line":170,"column":56},"end":{"line":178,"column":9}},"line":170}},"branchMap":{"0":{"loc":{"start":{"line":8,"column":8},"end":{"line":12,"column":9}},"type":"if","locations":[{"start":{"line":8,"column":8},"end":{"line":12,"column":9}},{"start":{"line":10,"column":15},"end":{"line":12,"column":9}}],"line":8},"1":{"loc":{"start":{"line":19,"column":8},"end":{"line":23,"column":9}},"type":"if","locations":[{"start":{"line":19,"column":8},"end":{"line":23,"column":9}},{"start":{"line":21,"column":15},"end":{"line":23,"column":9}}],"line":19},"2":{"loc":{"start":{"line":31,"column":8},"end":{"line":33,"column":9}},"type":"if","locations":[{"start":{"line":31,"column":8},"end":{"line":33,"column":9}},{"start":{},"end":{}}],"line":31},"3":{"loc":{"start":{"line":53,"column":4},"end":{"line":55,"column":5}},"type":"if","locations":[{"start":{"line":53,"column":4},"end":{"line":55,"column":5}},{"start":{},"end":{}}],"line":53},"4":{"loc":{"start":{"line":53,"column":8},"end":{"line":53,"column":80}},"type":"binary-expr","locations":[{"start":{"line":53,"column":8},"end":{"line":53,"column":21}},{"start":{"line":53,"column":25},"end":{"line":53,"column":36}},{"start":{"line":53,"column":40},"end":{"line":53,"column":49}},{"start":{"line":53,"column":53},"end":{"line":53,"column":62}},{"start":{"line":53,"column":66},"end":{"line":53,"column":80}}],"line":53},"5":{"loc":{"start":{"line":69,"column":8},"end":{"line":74,"column":9}},"type":"if","locations":[{"start":{"line":69,"column":8},"end":{"line":74,"column":9}},{"start":{"line":72,"column":15},"end":{"line":74,"column":9}}],"line":69},"6":{"loc":{"start":{"line":83,"column":8},"end":{"line":87,"column":9}},"type":"if","locations":[{"start":{"line":83,"column":8},"end":{"line":87,"column":9}},{"start":{"line":85,"column":15},"end":{"line":87,"column":9}}],"line":83},"7":{"loc":{"start":{"line":94,"column":8},"end":{"line":98,"column":9}},"type":"if","locations":[{"start":{"line":94,"column":8},"end":{"line":98,"column":9}},{"start":{"line":96,"column":15},"end":{"line":98,"column":9}}],"line":94},"8":{"loc":{"start":{"line":107,"column":4},"end":{"line":107,"column":60}},"type":"if","locations":[{"start":{"line":107,"column":4},"end":{"line":107,"column":60}},{"start":{},"end":{}}],"line":107},"9":{"loc":{"start":{"line":107,"column":8},"end":{"line":107,"column":42}},"type":"binary-expr","locations":[{"start":{"line":107,"column":8},"end":{"line":107,"column":22}},{"start":{"line":107,"column":26},"end":{"line":107,"column":42}}],"line":107},"10":{"loc":{"start":{"line":108,"column":4},"end":{"line":108,"column":40}},"type":"if","locations":[{"start":{"line":108,"column":4},"end":{"line":108,"column":40}},{"start":{},"end":{}}],"line":108},"11":{"loc":{"start":{"line":117,"column":8},"end":{"line":121,"column":9}},"type":"if","locations":[{"start":{"line":117,"column":8},"end":{"line":121,"column":9}},{"start":{"line":119,"column":15},"end":{"line":121,"column":9}}],"line":117},"12":{"loc":{"start":{"line":135,"column":8},"end":{"line":138,"column":9}},"type":"if","locations":[{"start":{"line":135,"column":8},"end":{"line":138,"column":9}},{"start":{},"end":{}}],"line":135},"13":{"loc":{"start":{"line":141,"column":8},"end":{"line":144,"column":9}},"type":"if","locations":[{"start":{"line":141,"column":8},"end":{"line":144,"column":9}},{"start":{},"end":{}}],"line":141},"14":{"loc":{"start":{"line":151,"column":8},"end":{"line":151,"column":64}},"type":"if","locations":[{"start":{"line":151,"column":8},"end":{"line":151,"column":64}},{"start":{},"end":{}}],"line":151},"15":{"loc":{"start":{"line":151,"column":12},"end":{"line":151,"column":46}},"type":"binary-expr","locations":[{"start":{"line":151,"column":12},"end":{"line":151,"column":26}},{"start":{"line":151,"column":30},"end":{"line":151,"column":46}}],"line":151},"16":{"loc":{"start":{"line":152,"column":8},"end":{"line":152,"column":44}},"type":"if","locations":[{"start":{"line":152,"column":8},"end":{"line":152,"column":44}},{"start":{},"end":{}}],"line":152},"17":{"loc":{"start":{"line":163,"column":8},"end":{"line":166,"column":9}},"type":"if","locations":[{"start":{"line":163,"column":8},"end":{"line":166,"column":9}},{"start":{},"end":{}}],"line":163},"18":{"loc":{"start":{"line":163,"column":12},"end":{"line":163,"column":46}},"type":"binary-expr","locations":[{"start":{"line":163,"column":12},"end":{"line":163,"column":20}},{"start":{"line":163,"column":24},"end":{"line":163,"column":46}}],"line":163},"19":{"loc":{"start":{"line":171,"column":12},"end":{"line":174,"column":13}},"type":"if","locations":[{"start":{"line":171,"column":12},"end":{"line":174,"column":13}},{"start":{},"end":{}}],"line":171}},"s":{"0":1,"1":1,"2":1,"3":0,"4":0,"5":0,"6":0,"7":1,"8":0,"9":0,"10":0,"11":0,"12":0,"13":1,"14":0,"15":0,"16":0,"17":0,"18":0,"19":1,"20":0,"21":0,"22":0,"23":0,"24":0,"25":0,"26":0,"27":0,"28":0,"29":0,"30":1,"31":0,"32":0,"33":0,"34":0,"35":0,"36":0,"37":1,"38":0,"39":0,"40":0,"41":0,"42":0,"43":1,"44":0,"45":0,"46":0,"47":0,"48":0,"49":0,"50":0,"51":0,"52":0,"53":0,"54":0,"55":1,"56":0,"57":0,"58":0,"59":0,"60":0,"61":0,"62":0,"63":0,"64":0,"65":0,"66":0,"67":0,"68":0,"69":0,"70":0,"71":0,"72":0,"73":0,"74":0,"75":0,"76":0,"77":0,"78":0,"79":0,"80":0,"81":0,"82":0,"83":0,"84":0,"85":0,"86":0,"87":0,"88":0,"89":0,"90":1},"f":{"0":0,"1":0,"2":0,"3":0,"4":0,"5":0,"6":0,"7":0,"8":0,"9":0,"10":0,"11":0,"12":0,"13":0,"14":0,"15":0,"16":0},"b":{"0":[0,0],"1":[0,0],"2":[0,0],"3":[0,0],"4":[0,0,0,0,0],"5":[0,0],"6":[0,0],"7":[0,0],"8":[0,0],"9":[0,0],"10":[0,0],"11":[0,0],"12":[0,0],"13":[0,0],"14":[0,0],"15":[0,0],"16":[0,0],"17":[0,0],"18":[0,0],"19":[0,0]},"_coverageSchema":"1a1c01bbd47fc00a2c39e90264f33305004495a9","hash":"bdd7a1e453c950ddf46508eb5eaad475b9955a71"}
,"C:\\Users\\nicol\\Documents\\petpal-backend\\src\\controllers\\reservationController.js": {"path":"C:\\Users\\nicol\\Documents\\petpal-backend\\src\\controllers\\reservationController.js","statementMap":{"0":{"start":{"line":3,"column":20},"end":{"line":3,"column":57}},"1":{"start":{"line":5,"column":27},"end":{"line":13,"column":1}},"2":{"start":{"line":6,"column":4},"end":{"line":12,"column":7}},"3":{"start":{"line":7,"column":8},"end":{"line":11,"column":9}},"4":{"start":{"line":8,"column":12},"end":{"line":8,"column":79}},"5":{"start":{"line":10,"column":12},"end":{"line":10,"column":42}},"6":{"start":{"line":15,"column":27},"end":{"line":24,"column":1}},"7":{"start":{"line":16,"column":26},"end":{"line":16,"column":39}},"8":{"start":{"line":17,"column":4},"end":{"line":23,"column":7}},"9":{"start":{"line":18,"column":8},"end":{"line":22,"column":9}},"10":{"start":{"line":19,"column":12},"end":{"line":19,"column":77}},"11":{"start":{"line":21,"column":12},"end":{"line":21,"column":45}},"12":{"start":{"line":27,"column":26},"end":{"line":37,"column":1}},"13":{"start":{"line":28,"column":26},"end":{"line":28,"column":39}},"14":{"start":{"line":29,"column":28},"end":{"line":29,"column":36}},"15":{"start":{"line":30,"column":4},"end":{"line":36,"column":7}},"16":{"start":{"line":31,"column":8},"end":{"line":35,"column":9}},"17":{"start":{"line":32,"column":12},"end":{"line":32,"column":80}},"18":{"start":{"line":34,"column":12},"end":{"line":34,"column":83}},"19":{"start":{"line":39,"column":26},"end":{"line":48,"column":1}},"20":{"start":{"line":40,"column":26},"end":{"line":40,"column":39}},"21":{"start":{"line":41,"column":4},"end":{"line":47,"column":7}},"22":{"start":{"line":42,"column":8},"end":{"line":46,"column":9}},"23":{"start":{"line":43,"column":12},"end":{"line":43,"column":78}},"24":{"start":{"line":45,"column":12},"end":{"line":45,"column":81}},"25":{"start":{"line":49,"column":26},"end":{"line":70,"column":1}},"26":{"start":{"line":50,"column":81},"end":{"line":50,"column":89}},"27":{"start":{"line":52,"column":27},"end":{"line":60,"column":5}},"28":{"start":{"line":62,"column":4},"end":{"line":69,"column":7}},"29":{"start":{"line":63,"column":8},"end":{"line":68,"column":9}},"30":{"start":{"line":64,"column":12},"end":{"line":64,"column":37}},"31":{"start":{"line":65,"column":12},"end":{"line":65,"column":75}},"32":{"start":{"line":67,"column":12},"end":{"line":67,"column":100}},"33":{"start":{"line":72,"column":32},"end":{"line":87,"column":1}},"34":{"start":{"line":73,"column":26},"end":{"line":73,"column":39}},"35":{"start":{"line":74,"column":23},"end":{"line":74,"column":31}},"36":{"start":{"line":76,"column":4},"end":{"line":78,"column":5}},"37":{"start":{"line":77,"column":8},"end":{"line":77,"column":69}},"38":{"start":{"line":80,"column":4},"end":{"line":86,"column":7}},"39":{"start":{"line":81,"column":8},"end":{"line":85,"column":9}},"40":{"start":{"line":82,"column":12},"end":{"line":82,"column":80}},"41":{"start":{"line":84,"column":12},"end":{"line":84,"column":81}},"42":{"start":{"line":88,"column":11},"end":{"line":88,"column":34}},"43":{"start":{"line":90,"column":32},"end":{"line":126,"column":1}},"44":{"start":{"line":91,"column":19},"end":{"line":91,"column":30}},"45":{"start":{"line":92,"column":2},"end":{"line":92,"column":53}},"46":{"start":{"line":94,"column":14},"end":{"line":110,"column":3}},"47":{"start":{"line":112,"column":2},"end":{"line":125,"column":5}},"48":{"start":{"line":113,"column":4},"end":{"line":116,"column":5}},"49":{"start":{"line":114,"column":6},"end":{"line":114,"column":64}},"50":{"start":{"line":115,"column":6},"end":{"line":115,"column":83}},"51":{"start":{"line":118,"column":4},"end":{"line":121,"column":5}},"52":{"start":{"line":119,"column":6},"end":{"line":119,"column":70}},"53":{"start":{"line":120,"column":6},"end":{"line":120,"column":96}},"54":{"start":{"line":123,"column":4},"end":{"line":123,"column":53}},"55":{"start":{"line":124,"column":4},"end":{"line":124,"column":77}},"56":{"start":{"line":128,"column":33},"end":{"line":166,"column":1}},"57":{"start":{"line":129,"column":19},"end":{"line":129,"column":30}},"58":{"start":{"line":130,"column":2},"end":{"line":130,"column":52}},"59":{"start":{"line":132,"column":14},"end":{"line":150,"column":3}},"60":{"start":{"line":152,"column":2},"end":{"line":165,"column":5}},"61":{"start":{"line":153,"column":4},"end":{"line":156,"column":5}},"62":{"start":{"line":154,"column":6},"end":{"line":154,"column":77}},"63":{"start":{"line":155,"column":6},"end":{"line":155,"column":88}},"64":{"start":{"line":157,"column":4},"end":{"line":162,"column":5}},"65":{"start":{"line":158,"column":6},"end":{"line":158,"column":65}},"66":{"start":{"line":159,"column":6},"end":{"line":161,"column":75}},"67":{"start":{"line":163,"column":4},"end":{"line":163,"column":65}},"68":{"start":{"line":164,"column":4},"end":{"line":164,"column":77}},"69":{"start":{"line":168,"column":32},"end":{"line":205,"column":1}},"70":{"start":{"line":169,"column":17},"end":{"line":169,"column":28}},"71":{"start":{"line":170,"column":17},"end":{"line":170,"column":30}},"72":{"start":{"line":173,"column":22},"end":{"line":175,"column":24}},"73":{"start":{"line":177,"column":14},"end":{"line":196,"column":3}},"74":{"start":{"line":198,"column":2},"end":{"line":204,"column":5}},"75":{"start":{"line":199,"column":4},"end":{"line":202,"column":5}},"76":{"start":{"line":200,"column":6},"end":{"line":200,"column":68}},"77":{"start":{"line":201,"column":6},"end":{"line":201,"column":87}},"78":{"start":{"line":203,"column":4},"end":{"line":203,"column":34}},"79":{"start":{"line":210,"column":0},"end":{"line":220,"column":2}}},"fnMap":{"0":{"name":"(anonymous_0)","decl":{"start":{"line":5,"column":27},"end":{"line":5,"column":28}},"loc":{"start":{"line":5,"column":41},"end":{"line":13,"column":1}},"line":5},"1":{"name":"(anonymous_1)","decl":{"start":{"line":6,"column":23},"end":{"line":6,"column":24}},"loc":{"start":{"line":6,"column":41},"end":{"line":12,"column":5}},"line":6},"2":{"name":"(anonymous_2)","decl":{"start":{"line":15,"column":27},"end":{"line":15,"column":28}},"loc":{"start":{"line":15,"column":41},"end":{"line":24,"column":1}},"line":15},"3":{"name":"(anonymous_3)","decl":{"start":{"line":17,"column":39},"end":{"line":17,"column":40}},"loc":{"start":{"line":17,"column":57},"end":{"line":23,"column":5}},"line":17},"4":{"name":"(anonymous_4)","decl":{"start":{"line":27,"column":26},"end":{"line":27,"column":27}},"loc":{"start":{"line":27,"column":40},"end":{"line":37,"column":1}},"line":27},"5":{"name":"(anonymous_5)","decl":{"start":{"line":30,"column":55},"end":{"line":30,"column":56}},"loc":{"start":{"line":30,"column":64},"end":{"line":36,"column":5}},"line":30},"6":{"name":"(anonymous_6)","decl":{"start":{"line":39,"column":26},"end":{"line":39,"column":27}},"loc":{"start":{"line":39,"column":40},"end":{"line":48,"column":1}},"line":39},"7":{"name":"(anonymous_7)","decl":{"start":{"line":41,"column":38},"end":{"line":41,"column":39}},"loc":{"start":{"line":41,"column":47},"end":{"line":47,"column":5}},"line":41},"8":{"name":"(anonymous_8)","decl":{"start":{"line":49,"column":26},"end":{"line":49,"column":27}},"loc":{"start":{"line":49,"column":40},"end":{"line":70,"column":1}},"line":49},"9":{"name":"(anonymous_9)","decl":{"start":{"line":62,"column":39},"end":{"line":62,"column":40}},"loc":{"start":{"line":62,"column":57},"end":{"line":69,"column":5}},"line":62},"10":{"name":"(anonymous_10)","decl":{"start":{"line":72,"column":32},"end":{"line":72,"column":33}},"loc":{"start":{"line":72,"column":46},"end":{"line":87,"column":1}},"line":72},"11":{"name":"(anonymous_11)","decl":{"start":{"line":80,"column":52},"end":{"line":80,"column":53}},"loc":{"start":{"line":80,"column":70},"end":{"line":86,"column":5}},"line":80},"12":{"name":"(anonymous_12)","decl":{"start":{"line":90,"column":32},"end":{"line":90,"column":33}},"loc":{"start":{"line":90,"column":46},"end":{"line":126,"column":1}},"line":90},"13":{"name":"(anonymous_13)","decl":{"start":{"line":112,"column":28},"end":{"line":112,"column":29}},"loc":{"start":{"line":112,"column":46},"end":{"line":125,"column":3}},"line":112},"14":{"name":"(anonymous_14)","decl":{"start":{"line":128,"column":33},"end":{"line":128,"column":34}},"loc":{"start":{"line":128,"column":47},"end":{"line":166,"column":1}},"line":128},"15":{"name":"(anonymous_15)","decl":{"start":{"line":152,"column":28},"end":{"line":152,"column":29}},"loc":{"start":{"line":152,"column":46},"end":{"line":165,"column":3}},"line":152},"16":{"name":"(anonymous_16)","decl":{"start":{"line":168,"column":32},"end":{"line":168,"column":33}},"loc":{"start":{"line":168,"column":46},"end":{"line":205,"column":1}},"line":168},"17":{"name":"(anonymous_17)","decl":{"start":{"line":198,"column":26},"end":{"line":198,"column":27}},"loc":{"start":{"line":198,"column":44},"end":{"line":204,"column":3}},"line":198}},"branchMap":{"0":{"loc":{"start":{"line":7,"column":8},"end":{"line":11,"column":9}},"type":"if","locations":[{"start":{"line":7,"column":8},"end":{"line":11,"column":9}},{"start":{"line":9,"column":15},"end":{"line":11,"column":9}}],"line":7},"1":{"loc":{"start":{"line":18,"column":8},"end":{"line":22,"column":9}},"type":"if","locations":[{"start":{"line":18,"column":8},"end":{"line":22,"column":9}},{"start":{"line":20,"column":15},"end":{"line":22,"column":9}}],"line":18},"2":{"loc":{"start":{"line":31,"column":8},"end":{"line":35,"column":9}},"type":"if","locations":[{"start":{"line":31,"column":8},"end":{"line":35,"column":9}},{"start":{"line":33,"column":15},"end":{"line":35,"column":9}}],"line":31},"3":{"loc":{"start":{"line":42,"column":8},"end":{"line":46,"column":9}},"type":"if","locations":[{"start":{"line":42,"column":8},"end":{"line":46,"column":9}},{"start":{"line":44,"column":15},"end":{"line":46,"column":9}}],"line":42},"4":{"loc":{"start":{"line":63,"column":8},"end":{"line":68,"column":9}},"type":"if","locations":[{"start":{"line":63,"column":8},"end":{"line":68,"column":9}},{"start":{"line":66,"column":15},"end":{"line":68,"column":9}}],"line":63},"5":{"loc":{"start":{"line":76,"column":4},"end":{"line":78,"column":5}},"type":"if","locations":[{"start":{"line":76,"column":4},"end":{"line":78,"column":5}},{"start":{},"end":{}}],"line":76},"6":{"loc":{"start":{"line":76,"column":8},"end":{"line":76,"column":54}},"type":"binary-expr","locations":[{"start":{"line":76,"column":8},"end":{"line":76,"column":29}},{"start":{"line":76,"column":33},"end":{"line":76,"column":54}}],"line":76},"7":{"loc":{"start":{"line":81,"column":8},"end":{"line":85,"column":9}},"type":"if","locations":[{"start":{"line":81,"column":8},"end":{"line":85,"column":9}},{"start":{"line":83,"column":15},"end":{"line":85,"column":9}}],"line":81},"8":{"loc":{"start":{"line":113,"column":4},"end":{"line":116,"column":5}},"type":"if","locations":[{"start":{"line":113,"column":4},"end":{"line":116,"column":5}},{"start":{},"end":{}}],"line":113},"9":{"loc":{"start":{"line":118,"column":4},"end":{"line":121,"column":5}},"type":"if","locations":[{"start":{"line":118,"column":4},"end":{"line":121,"column":5}},{"start":{},"end":{}}],"line":118},"10":{"loc":{"start":{"line":153,"column":4},"end":{"line":156,"column":5}},"type":"if","locations":[{"start":{"line":153,"column":4},"end":{"line":156,"column":5}},{"start":{},"end":{}}],"line":153},"11":{"loc":{"start":{"line":157,"column":4},"end":{"line":162,"column":5}},"type":"if","locations":[{"start":{"line":157,"column":4},"end":{"line":162,"column":5}},{"start":{},"end":{}}],"line":157},"12":{"loc":{"start":{"line":173,"column":22},"end":{"line":175,"column":24}},"type":"cond-expr","locations":[{"start":{"line":174,"column":6},"end":{"line":174,"column":23}},{"start":{"line":175,"column":6},"end":{"line":175,"column":24}}],"line":173},"13":{"loc":{"start":{"line":199,"column":4},"end":{"line":202,"column":5}},"type":"if","locations":[{"start":{"line":199,"column":4},"end":{"line":202,"column":5}},{"start":{},"end":{}}],"line":199}},"s":{"0":1,"1":1,"2":0,"3":0,"4":0,"5":0,"6":1,"7":0,"8":0,"9":0,"10":0,"11":0,"12":1,"13":0,"14":0,"15":0,"16":0,"17":0,"18":0,"19":1,"20":0,"21":0,"22":0,"23":0,"24":0,"25":1,"26":0,"27":0,"28":0,"29":0,"30":0,"31":0,"32":0,"33":1,"34":0,"35":0,"36":0,"37":0,"38":0,"39":0,"40":0,"41":0,"42":1,"43":1,"44":0,"45":0,"46":0,"47":0,"48":0,"49":0,"50":0,"51":0,"52":0,"53":0,"54":0,"55":0,"56":1,"57":0,"58":0,"59":0,"60":0,"61":0,"62":0,"63":0,"64":0,"65":0,"66":0,"67":0,"68":0,"69":1,"70":0,"71":0,"72":0,"73":0,"74":0,"75":0,"76":0,"77":0,"78":0,"79":1},"f":{"0":0,"1":0,"2":0,"3":0,"4":0,"5":0,"6":0,"7":0,"8":0,"9":0,"10":0,"11":0,"12":0,"13":0,"14":0,"15":0,"16":0,"17":0},"b":{"0":[0,0],"1":[0,0],"2":[0,0],"3":[0,0],"4":[0,0],"5":[0,0],"6":[0,0],"7":[0,0],"8":[0,0],"9":[0,0],"10":[0,0],"11":[0,0],"12":[0,0],"13":[0,0]},"_coverageSchema":"1a1c01bbd47fc00a2c39e90264f33305004495a9","hash":"63620384b210a811964e81b415308d6c7a2c230c"}
,"C:\\Users\\nicol\\Documents\\petpal-backend\\src\\controllers\\userController.js": {"path":"C:\\Users\\nicol\\Documents\\petpal-backend\\src\\controllers\\userController.js","statementMap":{"0":{"start":{"line":2,"column":13},"end":{"line":2,"column":43}},"1":{"start":{"line":5,"column":20},"end":{"line":18,"column":1}},"2":{"start":{"line":6,"column":4},"end":{"line":17,"column":7}},"3":{"start":{"line":7,"column":8},"end":{"line":16,"column":9}},"4":{"start":{"line":8,"column":12},"end":{"line":8,"column":79}},"5":{"start":{"line":11,"column":26},"end":{"line":14,"column":14}},"6":{"start":{"line":12,"column":16},"end":{"line":12,"column":37}},"7":{"start":{"line":13,"column":16},"end":{"line":13,"column":28}},"8":{"start":{"line":15,"column":12},"end":{"line":15,"column":40}},"9":{"start":{"line":20,"column":20},"end":{"line":31,"column":1}},"10":{"start":{"line":21,"column":19},"end":{"line":21,"column":32}},"11":{"start":{"line":22,"column":4},"end":{"line":30,"column":7}},"12":{"start":{"line":23,"column":8},"end":{"line":29,"column":9}},"13":{"start":{"line":24,"column":12},"end":{"line":24,"column":77}},"14":{"start":{"line":26,"column":25},"end":{"line":26,"column":35}},"15":{"start":{"line":27,"column":12},"end":{"line":27,"column":33}},"16":{"start":{"line":28,"column":12},"end":{"line":28,"column":39}},"17":{"start":{"line":33,"column":19},"end":{"line":42,"column":1}},"18":{"start":{"line":34,"column":20},"end":{"line":34,"column":28}},"19":{"start":{"line":35,"column":4},"end":{"line":41,"column":7}},"20":{"start":{"line":36,"column":8},"end":{"line":40,"column":9}},"21":{"start":{"line":37,"column":12},"end":{"line":37,"column":75}},"22":{"start":{"line":39,"column":12},"end":{"line":39,"column":100}},"23":{"start":{"line":44,"column":15},"end":{"line":44,"column":34}},"24":{"start":{"line":46,"column":19},"end":{"line":79,"column":1}},"25":{"start":{"line":48,"column":17},"end":{"line":48,"column":28}},"26":{"start":{"line":51,"column":70},"end":{"line":51,"column":78}},"27":{"start":{"line":54,"column":2},"end":{"line":56,"column":3}},"28":{"start":{"line":55,"column":4},"end":{"line":55,"column":75}},"29":{"start":{"line":59,"column":17},"end":{"line":59,"column":68}},"30":{"start":{"line":61,"column":19},"end":{"line":69,"column":3}},"31":{"start":{"line":72,"column":2},"end":{"line":78,"column":5}},"32":{"start":{"line":73,"column":4},"end":{"line":76,"column":5}},"33":{"start":{"line":74,"column":6},"end":{"line":74,"column":70}},"34":{"start":{"line":75,"column":6},"end":{"line":75,"column":81}},"35":{"start":{"line":77,"column":4},"end":{"line":77,"column":75}},"36":{"start":{"line":82,"column":19},"end":{"line":91,"column":1}},"37":{"start":{"line":83,"column":19},"end":{"line":83,"column":32}},"38":{"start":{"line":84,"column":4},"end":{"line":90,"column":7}},"39":{"start":{"line":85,"column":8},"end":{"line":89,"column":9}},"40":{"start":{"line":86,"column":12},"end":{"line":86,"column":78}},"41":{"start":{"line":88,"column":12},"end":{"line":88,"column":81}},"42":{"start":{"line":93,"column":0},"end":{"line":99,"column":2}}},"fnMap":{"0":{"name":"(anonymous_0)","decl":{"start":{"line":5,"column":20},"end":{"line":5,"column":21}},"loc":{"start":{"line":5,"column":34},"end":{"line":18,"column":1}},"line":5},"1":{"name":"(anonymous_1)","decl":{"start":{"line":6,"column":16},"end":{"line":6,"column":17}},"loc":{"start":{"line":6,"column":34},"end":{"line":17,"column":5}},"line":6},"2":{"name":"(anonymous_2)","decl":{"start":{"line":11,"column":38},"end":{"line":11,"column":39}},"loc":{"start":{"line":11,"column":46},"end":{"line":14,"column":13}},"line":11},"3":{"name":"(anonymous_3)","decl":{"start":{"line":20,"column":20},"end":{"line":20,"column":21}},"loc":{"start":{"line":20,"column":34},"end":{"line":31,"column":1}},"line":20},"4":{"name":"(anonymous_4)","decl":{"start":{"line":22,"column":25},"end":{"line":22,"column":26}},"loc":{"start":{"line":22,"column":43},"end":{"line":30,"column":5}},"line":22},"5":{"name":"(anonymous_5)","decl":{"start":{"line":33,"column":19},"end":{"line":33,"column":20}},"loc":{"start":{"line":33,"column":33},"end":{"line":42,"column":1}},"line":33},"6":{"name":"(anonymous_6)","decl":{"start":{"line":35,"column":25},"end":{"line":35,"column":26}},"loc":{"start":{"line":35,"column":43},"end":{"line":41,"column":5}},"line":35},"7":{"name":"(anonymous_7)","decl":{"start":{"line":46,"column":19},"end":{"line":46,"column":20}},"loc":{"start":{"line":46,"column":33},"end":{"line":79,"column":1}},"line":46},"8":{"name":"(anonymous_8)","decl":{"start":{"line":72,"column":32},"end":{"line":72,"column":33}},"loc":{"start":{"line":72,"column":41},"end":{"line":78,"column":3}},"line":72},"9":{"name":"(anonymous_9)","decl":{"start":{"line":82,"column":19},"end":{"line":82,"column":20}},"loc":{"start":{"line":82,"column":33},"end":{"line":91,"column":1}},"line":82},"10":{"name":"(anonymous_10)","decl":{"start":{"line":84,"column":24},"end":{"line":84,"column":25}},"loc":{"start":{"line":84,"column":33},"end":{"line":90,"column":5}},"line":84}},"branchMap":{"0":{"loc":{"start":{"line":7,"column":8},"end":{"line":16,"column":9}},"type":"if","locations":[{"start":{"line":7,"column":8},"end":{"line":16,"column":9}},{"start":{"line":9,"column":15},"end":{"line":16,"column":9}}],"line":7},"1":{"loc":{"start":{"line":23,"column":8},"end":{"line":29,"column":9}},"type":"if","locations":[{"start":{"line":23,"column":8},"end":{"line":29,"column":9}},{"start":{"line":25,"column":15},"end":{"line":29,"column":9}}],"line":23},"2":{"loc":{"start":{"line":36,"column":8},"end":{"line":40,"column":9}},"type":"if","locations":[{"start":{"line":36,"column":8},"end":{"line":40,"column":9}},{"start":{"line":38,"column":15},"end":{"line":40,"column":9}}],"line":36},"3":{"loc":{"start":{"line":54,"column":2},"end":{"line":56,"column":3}},"type":"if","locations":[{"start":{"line":54,"column":2},"end":{"line":56,"column":3}},{"start":{},"end":{}}],"line":54},"4":{"loc":{"start":{"line":54,"column":6},"end":{"line":54,"column":67}},"type":"binary-expr","locations":[{"start":{"line":54,"column":6},"end":{"line":54,"column":11}},{"start":{"line":54,"column":15},"end":{"line":54,"column":21}},{"start":{"line":54,"column":25},"end":{"line":54,"column":29}},{"start":{"line":54,"column":33},"end":{"line":54,"column":43}},{"start":{"line":54,"column":47},"end":{"line":54,"column":54}},{"start":{"line":54,"column":58},"end":{"line":54,"column":67}}],"line":54},"5":{"loc":{"start":{"line":59,"column":17},"end":{"line":59,"column":68}},"type":"cond-expr","locations":[{"start":{"line":59,"column":28},"end":{"line":59,"column":56}},{"start":{"line":59,"column":59},"end":{"line":59,"column":68}}],"line":59},"6":{"loc":{"start":{"line":73,"column":4},"end":{"line":76,"column":5}},"type":"if","locations":[{"start":{"line":73,"column":4},"end":{"line":76,"column":5}},{"start":{},"end":{}}],"line":73},"7":{"loc":{"start":{"line":85,"column":8},"end":{"line":89,"column":9}},"type":"if","locations":[{"start":{"line":85,"column":8},"end":{"line":89,"column":9}},{"start":{"line":87,"column":15},"end":{"line":89,"column":9}}],"line":85}},"s":{"0":1,"1":1,"2":0,"3":0,"4":0,"5":0,"6":0,"7":0,"8":0,"9":1,"10":0,"11":0,"12":0,"13":0,"14":0,"15":0,"16":0,"17":1,"18":0,"19":0,"20":0,"21":0,"22":0,"23":1,"24":1,"25":0,"26":0,"27":0,"28":0,"29":0,"30":0,"31":0,"32":0,"33":0,"34":0,"35":0,"36":1,"37":0,"38":0,"39":0,"40":0,"41":0,"42":1},"f":{"0":0,"1":0,"2":0,"3":0,"4":0,"5":0,"6":0,"7":0,"8":0,"9":0,"10":0},"b":{"0":[0,0],"1":[0,0],"2":[0,0],"3":[0,0],"4":[0,0,0,0,0,0],"5":[0,0],"6":[0,0],"7":[0,0]},"_coverageSchema":"1a1c01bbd47fc00a2c39e90264f33305004495a9","hash":"916b24e1ffa4acae99818917f47c0bc56379ea6b"}
,"C:\\Users\\nicol\\Documents\\petpal-backend\\src\\middleware\\authMiddleware.js": {"path":"C:\\Users\\nicol\\Documents\\petpal-backend\\src\\middleware\\authMiddleware.js","statementMap":{"0":{"start":{"line":2,"column":12},"end":{"line":2,"column":35}},"1":{"start":{"line":3,"column":15},"end":{"line":3,"column":32}},"2":{"start":{"line":4,"column":0},"end":{"line":4,"column":16}},"3":{"start":{"line":6,"column":20},"end":{"line":30,"column":1}},"4":{"start":{"line":7,"column":4},"end":{"line":7,"column":69}},"5":{"start":{"line":9,"column":18},"end":{"line":9,"column":46}},"6":{"start":{"line":10,"column":4},"end":{"line":13,"column":5}},"7":{"start":{"line":11,"column":8},"end":{"line":11,"column":60}},"8":{"start":{"line":12,"column":8},"end":{"line":12,"column":75}},"9":{"start":{"line":15,"column":23},"end":{"line":15,"column":51}},"10":{"start":{"line":16,"column":4},"end":{"line":16,"column":64}},"11":{"start":{"line":18,"column":4},"end":{"line":27,"column":7}},"12":{"start":{"line":19,"column":8},"end":{"line":22,"column":9}},"13":{"start":{"line":20,"column":12},"end":{"line":20,"column":83}},"14":{"start":{"line":21,"column":12},"end":{"line":21,"column":82}},"15":{"start":{"line":24,"column":8},"end":{"line":24,"column":79}},"16":{"start":{"line":25,"column":8},"end":{"line":25,"column":27}},"17":{"start":{"line":26,"column":8},"end":{"line":26,"column":15}},"18":{"start":{"line":29,"column":4},"end":{"line":29,"column":62}},"19":{"start":{"line":32,"column":17},"end":{"line":40,"column":1}},"20":{"start":{"line":33,"column":4},"end":{"line":33,"column":76}},"21":{"start":{"line":34,"column":4},"end":{"line":39,"column":5}},"22":{"start":{"line":35,"column":8},"end":{"line":35,"column":15}},"23":{"start":{"line":37,"column":8},"end":{"line":37,"column":69}},"24":{"start":{"line":38,"column":8},"end":{"line":38,"column":81}},"25":{"start":{"line":42,"column":17},"end":{"line":48,"column":1}},"26":{"start":{"line":43,"column":4},"end":{"line":47,"column":5}},"27":{"start":{"line":44,"column":8},"end":{"line":44,"column":15}},"28":{"start":{"line":46,"column":8},"end":{"line":46,"column":80}},"29":{"start":{"line":50,"column":0},"end":{"line":54,"column":2}}},"fnMap":{"0":{"name":"(anonymous_0)","decl":{"start":{"line":6,"column":20},"end":{"line":6,"column":21}},"loc":{"start":{"line":6,"column":40},"end":{"line":30,"column":1}},"line":6},"1":{"name":"(anonymous_1)","decl":{"start":{"line":18,"column":51},"end":{"line":18,"column":52}},"loc":{"start":{"line":18,"column":69},"end":{"line":27,"column":5}},"line":18},"2":{"name":"(anonymous_2)","decl":{"start":{"line":32,"column":17},"end":{"line":32,"column":18}},"loc":{"start":{"line":32,"column":37},"end":{"line":40,"column":1}},"line":32},"3":{"name":"(anonymous_3)","decl":{"start":{"line":42,"column":17},"end":{"line":42,"column":18}},"loc":{"start":{"line":42,"column":37},"end":{"line":48,"column":1}},"line":42}},"branchMap":{"0":{"loc":{"start":{"line":10,"column":4},"end":{"line":13,"column":5}},"type":"if","locations":[{"start":{"line":10,"column":4},"end":{"line":13,"column":5}},{"start":{},"end":{}}],"line":10},"1":{"loc":{"start":{"line":19,"column":8},"end":{"line":22,"column":9}},"type":"if","locations":[{"start":{"line":19,"column":8},"end":{"line":22,"column":9}},{"start":{},"end":{}}],"line":19},"2":{"loc":{"start":{"line":34,"column":4},"end":{"line":39,"column":5}},"type":"if","locations":[{"start":{"line":34,"column":4},"end":{"line":39,"column":5}},{"start":{"line":36,"column":11},"end":{"line":39,"column":5}}],"line":34},"3":{"loc":{"start":{"line":43,"column":4},"end":{"line":47,"column":5}},"type":"if","locations":[{"start":{"line":43,"column":4},"end":{"line":47,"column":5}},{"start":{"line":45,"column":11},"end":{"line":47,"column":5}}],"line":43}},"s":{"0":1,"1":1,"2":1,"3":1,"4":0,"5":0,"6":0,"7":0,"8":0,"9":0,"10":0,"11":0,"12":0,"13":0,"14":0,"15":0,"16":0,"17":0,"18":0,"19":1,"20":0,"21":0,"22":0,"23":0,"24":0,"25":1,"26":0,"27":0,"28":0,"29":1},"f":{"0":0,"1":0,"2":0,"3":0},"b":{"0":[0,0],"1":[0,0],"2":[0,0],"3":[0,0]},"_coverageSchema":"1a1c01bbd47fc00a2c39e90264f33305004495a9","hash":"f3ee0b6b2b390aaa5d8fc20d79d72455ad849c5e"}
,"C:\\Users\\nicol\\Documents\\petpal-backend\\src\\models\\petModel.js": {"path":"C:\\Users\\nicol\\Documents\\petpal-backend\\src\\models\\petModel.js","statementMap":{"0":{"start":{"line":2,"column":11},"end":{"line":2,"column":34}},"1":{"start":{"line":4,"column":12},"end":{"line":56,"column":1}},"2":{"start":{"line":6,"column":8},"end":{"line":6,"column":49}},"3":{"start":{"line":10,"column":8},"end":{"line":10,"column":68}},"4":{"start":{"line":13,"column":8},"end":{"line":13,"column":77}},"5":{"start":{"line":19,"column":18},"end":{"line":22,"column":5}},"6":{"start":{"line":23,"column":4},"end":{"line":27,"column":6}},"7":{"start":{"line":32,"column":18},"end":{"line":36,"column":5}},"8":{"start":{"line":37,"column":4},"end":{"line":49,"column":6}},"9":{"start":{"line":54,"column":8},"end":{"line":54,"column":66}},"10":{"start":{"line":58,"column":0},"end":{"line":58,"column":21}}},"fnMap":{"0":{"name":"(anonymous_0)","decl":{"start":{"line":5,"column":12},"end":{"line":5,"column":13}},"loc":{"start":{"line":5,"column":26},"end":{"line":7,"column":5}},"line":5},"1":{"name":"(anonymous_1)","decl":{"start":{"line":9,"column":13},"end":{"line":9,"column":14}},"loc":{"start":{"line":9,"column":31},"end":{"line":11,"column":5}},"line":9},"2":{"name":"(anonymous_2)","decl":{"start":{"line":12,"column":17},"end":{"line":12,"column":18}},"loc":{"start":{"line":12,"column":39},"end":{"line":14,"column":5}},"line":12},"3":{"name":"(anonymous_3)","decl":{"start":{"line":18,"column":11},"end":{"line":18,"column":12}},"loc":{"start":{"line":18,"column":34},"end":{"line":28,"column":1}},"line":18},"4":{"name":"(anonymous_4)","decl":{"start":{"line":31,"column":11},"end":{"line":31,"column":12}},"loc":{"start":{"line":31,"column":38},"end":{"line":50,"column":1}},"line":31},"5":{"name":"(anonymous_5)","decl":{"start":{"line":53,"column":12},"end":{"line":53,"column":13}},"loc":{"start":{"line":53,"column":30},"end":{"line":55,"column":5}},"line":53}},"branchMap":{},"s":{"0":1,"1":1,"2":0,"3":0,"4":0,"5":0,"6":0,"7":0,"8":0,"9":0,"10":1},"f":{"0":0,"1":0,"2":0,"3":0,"4":0,"5":0},"b":{},"_coverageSchema":"1a1c01bbd47fc00a2c39e90264f33305004495a9","hash":"1be875f738b3ca328e8a2b7181379c37c3155fea"}
,"C:\\Users\\nicol\\Documents\\petpal-backend\\src\\models\\petpalModel.js": {"path":"C:\\Users\\nicol\\Documents\\petpal-backend\\src\\models\\petpalModel.js","statementMap":{"0":{"start":{"line":2,"column":11},"end":{"line":2,"column":34}},"1":{"start":{"line":4,"column":15},"end":{"line":70,"column":1}},"2":{"start":{"line":6,"column":8},"end":{"line":6,"column":60}},"3":{"start":{"line":10,"column":8},"end":{"line":10,"column":79}},"4":{"start":{"line":13,"column":22},"end":{"line":13,"column":71}},"5":{"start":{"line":14,"column":8},"end":{"line":14,"column":44}},"6":{"start":{"line":19,"column":22},"end":{"line":20,"column":55}},"7":{"start":{"line":21,"column":8},"end":{"line":30,"column":21}},"8":{"start":{"line":34,"column":22},"end":{"line":37,"column":36}},"9":{"start":{"line":38,"column":8},"end":{"line":47,"column":21}},"10":{"start":{"line":51,"column":8},"end":{"line":51,"column":77}},"11":{"start":{"line":54,"column":45},"end":{"line":54,"column":52}},"12":{"start":{"line":56,"column":20},"end":{"line":56,"column":87}},"13":{"start":{"line":57,"column":23},"end":{"line":57,"column":43}},"14":{"start":{"line":60,"column":8},"end":{"line":66,"column":9}},"15":{"start":{"line":61,"column":12},"end":{"line":61,"column":109}},"16":{"start":{"line":62,"column":15},"end":{"line":66,"column":9}},"17":{"start":{"line":63,"column":12},"end":{"line":63,"column":82}},"18":{"start":{"line":64,"column":15},"end":{"line":66,"column":9}},"19":{"start":{"line":65,"column":12},"end":{"line":65,"column":52}},"20":{"start":{"line":68,"column":8},"end":{"line":68,"column":42}},"21":{"start":{"line":72,"column":0},"end":{"line":72,"column":24}}},"fnMap":{"0":{"name":"(anonymous_0)","decl":{"start":{"line":5,"column":12},"end":{"line":5,"column":13}},"loc":{"start":{"line":5,"column":26},"end":{"line":7,"column":5}},"line":5},"1":{"name":"(anonymous_1)","decl":{"start":{"line":9,"column":13},"end":{"line":9,"column":14}},"loc":{"start":{"line":9,"column":31},"end":{"line":11,"column":5}},"line":9},"2":{"name":"(anonymous_2)","decl":{"start":{"line":12,"column":17},"end":{"line":12,"column":18}},"loc":{"start":{"line":12,"column":39},"end":{"line":15,"column":5}},"line":12},"3":{"name":"(anonymous_3)","decl":{"start":{"line":18,"column":12},"end":{"line":18,"column":13}},"loc":{"start":{"line":18,"column":39},"end":{"line":31,"column":5}},"line":18},"4":{"name":"(anonymous_4)","decl":{"start":{"line":33,"column":12},"end":{"line":33,"column":13}},"loc":{"start":{"line":33,"column":43},"end":{"line":48,"column":5}},"line":33},"5":{"name":"(anonymous_5)","decl":{"start":{"line":50,"column":12},"end":{"line":50,"column":13}},"loc":{"start":{"line":50,"column":30},"end":{"line":52,"column":5}},"line":50},"6":{"name":"(anonymous_6)","decl":{"start":{"line":53,"column":12},"end":{"line":53,"column":13}},"loc":{"start":{"line":53,"column":35},"end":{"line":69,"column":5}},"line":53}},"branchMap":{"0":{"loc":{"start":{"line":60,"column":8},"end":{"line":66,"column":9}},"type":"if","locations":[{"start":{"line":60,"column":8},"end":{"line":66,"column":9}},{"start":{"line":62,"column":15},"end":{"line":66,"column":9}}],"line":60},"1":{"loc":{"start":{"line":62,"column":15},"end":{"line":66,"column":9}},"type":"if","locations":[{"start":{"line":62,"column":15},"end":{"line":66,"column":9}},{"start":{"line":64,"column":15},"end":{"line":66,"column":9}}],"line":62},"2":{"loc":{"start":{"line":64,"column":15},"end":{"line":66,"column":9}},"type":"if","locations":[{"start":{"line":64,"column":15},"end":{"line":66,"column":9}},{"start":{},"end":{}}],"line":64}},"s":{"0":1,"1":1,"2":0,"3":0,"4":0,"5":0,"6":0,"7":0,"8":0,"9":0,"10":0,"11":0,"12":0,"13":0,"14":0,"15":0,"16":0,"17":0,"18":0,"19":0,"20":0,"21":1},"f":{"0":0,"1":0,"2":0,"3":0,"4":0,"5":0,"6":0},"b":{"0":[0,0],"1":[0,0],"2":[0,0]},"_coverageSchema":"1a1c01bbd47fc00a2c39e90264f33305004495a9","hash":"bd29663fe46e4122919d419c195d2917c96452c3"}
,"C:\\Users\\nicol\\Documents\\petpal-backend\\src\\models\\reservationModel.js": {"path":"C:\\Users\\nicol\\Documents\\petpal-backend\\src\\models\\reservationModel.js","statementMap":{"0":{"start":{"line":2,"column":11},"end":{"line":2,"column":34}},"1":{"start":{"line":4,"column":20},"end":{"line":60,"column":1}},"2":{"start":{"line":6,"column":8},"end":{"line":6,"column":57}},"3":{"start":{"line":10,"column":8},"end":{"line":10,"column":76}},"4":{"start":{"line":14,"column":22},"end":{"line":15,"column":52}},"5":{"start":{"line":17,"column":8},"end":{"line":25,"column":21}},"6":{"start":{"line":29,"column":22},"end":{"line":29,"column":71}},"7":{"start":{"line":30,"column":8},"end":{"line":30,"column":48}},"8":{"start":{"line":35,"column":22},"end":{"line":35,"column":71}},"9":{"start":{"line":36,"column":8},"end":{"line":36,"column":64}},"10":{"start":{"line":40,"column":8},"end":{"line":40,"column":74}},"11":{"start":{"line":44,"column":8},"end":{"line":44,"column":72}},"12":{"start":{"line":46,"column":22},"end":{"line":46,"column":70}},"13":{"start":{"line":48,"column":8},"end":{"line":48,"column":56}},"14":{"start":{"line":49,"column":8},"end":{"line":49,"column":56}},"15":{"start":{"line":51,"column":8},"end":{"line":58,"column":11}},"16":{"start":{"line":52,"column":12},"end":{"line":56,"column":13}},"17":{"start":{"line":53,"column":16},"end":{"line":53,"column":74}},"18":{"start":{"line":55,"column":16},"end":{"line":55,"column":67}},"19":{"start":{"line":57,"column":12},"end":{"line":57,"column":35}},"20":{"start":{"line":62,"column":0},"end":{"line":62,"column":29}}},"fnMap":{"0":{"name":"(anonymous_0)","decl":{"start":{"line":5,"column":12},"end":{"line":5,"column":13}},"loc":{"start":{"line":5,"column":26},"end":{"line":7,"column":5}},"line":5},"1":{"name":"(anonymous_1)","decl":{"start":{"line":9,"column":13},"end":{"line":9,"column":14}},"loc":{"start":{"line":9,"column":31},"end":{"line":11,"column":5}},"line":9},"2":{"name":"(anonymous_2)","decl":{"start":{"line":13,"column":12},"end":{"line":13,"column":13}},"loc":{"start":{"line":13,"column":43},"end":{"line":26,"column":5}},"line":13},"3":{"name":"(anonymous_3)","decl":{"start":{"line":28,"column":18},"end":{"line":28,"column":19}},"loc":{"start":{"line":28,"column":44},"end":{"line":31,"column":5}},"line":28},"4":{"name":"(anonymous_4)","decl":{"start":{"line":34,"column":12},"end":{"line":34,"column":13}},"loc":{"start":{"line":34,"column":47},"end":{"line":37,"column":5}},"line":34},"5":{"name":"(anonymous_5)","decl":{"start":{"line":39,"column":12},"end":{"line":39,"column":13}},"loc":{"start":{"line":39,"column":30},"end":{"line":41,"column":5}},"line":39},"6":{"name":"(anonymous_6)","decl":{"start":{"line":43,"column":19},"end":{"line":43,"column":20}},"loc":{"start":{"line":43,"column":44},"end":{"line":59,"column":5}},"line":43},"7":{"name":"(anonymous_7)","decl":{"start":{"line":51,"column":37},"end":{"line":51,"column":38}},"loc":{"start":{"line":51,"column":55},"end":{"line":58,"column":9}},"line":51}},"branchMap":{"0":{"loc":{"start":{"line":52,"column":12},"end":{"line":56,"column":13}},"type":"if","locations":[{"start":{"line":52,"column":12},"end":{"line":56,"column":13}},{"start":{"line":54,"column":19},"end":{"line":56,"column":13}}],"line":52}},"s":{"0":1,"1":1,"2":0,"3":0,"4":0,"5":0,"6":0,"7":0,"8":0,"9":0,"10":0,"11":0,"12":0,"13":0,"14":0,"15":0,"16":0,"17":0,"18":0,"19":0,"20":1},"f":{"0":0,"1":0,"2":0,"3":0,"4":0,"5":0,"6":0,"7":0},"b":{"0":[0,0]},"_coverageSchema":"1a1c01bbd47fc00a2c39e90264f33305004495a9","hash":"a60968133e6bea6ef14136fcd1ae1ecad002ce87"}
,"C:\\Users\\nicol\\Documents\\petpal-backend\\src\\models\\userModel.js": {"path":"C:\\Users\\nicol\\Documents\\petpal-backend\\src\\models\\userModel.js","statementMap":{"0":{"start":{"line":2,"column":11},"end":{"line":2,"column":34}},"1":{"start":{"line":4,"column":13},"end":{"line":64,"column":1}},"2":{"start":{"line":6,"column":8},"end":{"line":6,"column":50}},"3":{"start":{"line":10,"column":8},"end":{"line":10,"column":69}},"4":{"start":{"line":13,"column":8},"end":{"line":13,"column":75}},"5":{"start":{"line":18,"column":22},"end":{"line":21,"column":5}},"6":{"start":{"line":22,"column":8},"end":{"line":31,"column":21}},"7":{"start":{"line":35,"column":22},"end":{"line":41,"column":3}},"8":{"start":{"line":44,"column":23},"end":{"line":47,"column":9}},"9":{"start":{"line":48,"column":8},"end":{"line":48,"column":62}},"10":{"start":{"line":48,"column":31},"end":{"line":48,"column":62}},"11":{"start":{"line":49,"column":8},"end":{"line":55,"column":10}},"12":{"start":{"line":57,"column":8},"end":{"line":57,"column":42}},"13":{"start":{"line":62,"column":8},"end":{"line":62,"column":67}},"14":{"start":{"line":66,"column":0},"end":{"line":66,"column":22}}},"fnMap":{"0":{"name":"(anonymous_0)","decl":{"start":{"line":5,"column":12},"end":{"line":5,"column":13}},"loc":{"start":{"line":5,"column":26},"end":{"line":7,"column":5}},"line":5},"1":{"name":"(anonymous_1)","decl":{"start":{"line":9,"column":13},"end":{"line":9,"column":14}},"loc":{"start":{"line":9,"column":31},"end":{"line":11,"column":5}},"line":9},"2":{"name":"(anonymous_2)","decl":{"start":{"line":12,"column":16},"end":{"line":12,"column":17}},"loc":{"start":{"line":12,"column":37},"end":{"line":14,"column":5}},"line":12},"3":{"name":"(anonymous_3)","decl":{"start":{"line":17,"column":12},"end":{"line":17,"column":13}},"loc":{"start":{"line":17,"column":36},"end":{"line":32,"column":5}},"line":17},"4":{"name":"(anonymous_4)","decl":{"start":{"line":34,"column":12},"end":{"line":34,"column":13}},"loc":{"start":{"line":34,"column":40},"end":{"line":58,"column":5}},"line":34},"5":{"name":"(anonymous_5)","decl":{"start":{"line":61,"column":12},"end":{"line":61,"column":13}},"loc":{"start":{"line":61,"column":30},"end":{"line":63,"column":5}},"line":61}},"branchMap":{"0":{"loc":{"start":{"line":38,"column":10},"end":{"line":38,"column":50}},"type":"cond-expr","locations":[{"start":{"line":38,"column":30},"end":{"line":38,"column":45}},{"start":{"line":38,"column":48},"end":{"line":38,"column":50}}],"line":38},"1":{"loc":{"start":{"line":48,"column":8},"end":{"line":48,"column":62}},"type":"if","locations":[{"start":{"line":48,"column":8},"end":{"line":48,"column":62}},{"start":{},"end":{}}],"line":48}},"s":{"0":1,"1":1,"2":0,"3":0,"4":1,"5":0,"6":0,"7":0,"8":0,"9":0,"10":0,"11":0,"12":0,"13":0,"14":1},"f":{"0":0,"1":0,"2":1,"3":0,"4":0,"5":0},"b":{"0":[0,0],"1":[0,0]},"_coverageSchema":"1a1c01bbd47fc00a2c39e90264f33305004495a9","hash":"fbb6c221a34e8828cf8bc05421e65fceadb8418a"}
,"C:\\Users\\nicol\\Documents\\petpal-backend\\src\\routes\\authRoutes.js": {"path":"C:\\Users\\nicol\\Documents\\petpal-backend\\src\\routes\\authRoutes.js","statementMap":{"0":{"start":{"line":2,"column":16},"end":{"line":2,"column":34}},"1":{"start":{"line":3,"column":15},"end":{"line":3,"column":31}},"2":{"start":{"line":4,"column":23},"end":{"line":4,"column":63}},"3":{"start":{"line":7,"column":0},"end":{"line":10,"column":3}},"4":{"start":{"line":8,"column":4},"end":{"line":8,"column":43}},"5":{"start":{"line":9,"column":4},"end":{"line":9,"column":38}},"6":{"start":{"line":12,"column":0},"end":{"line":15,"column":3}},"7":{"start":{"line":13,"column":4},"end":{"line":13,"column":40}},"8":{"start":{"line":14,"column":4},"end":{"line":14,"column":35}},"9":{"start":{"line":17,"column":0},"end":{"line":17,"column":24}}},"fnMap":{"0":{"name":"(anonymous_0)","decl":{"start":{"line":7,"column":25},"end":{"line":7,"column":26}},"loc":{"start":{"line":7,"column":39},"end":{"line":10,"column":1}},"line":7},"1":{"name":"(anonymous_1)","decl":{"start":{"line":12,"column":22},"end":{"line":12,"column":23}},"loc":{"start":{"line":12,"column":36},"end":{"line":15,"column":1}},"line":12}},"branchMap":{},"s":{"0":1,"1":1,"2":1,"3":1,"4":0,"5":0,"6":1,"7":1,"8":1,"9":1},"f":{"0":0,"1":1},"b":{},"_coverageSchema":"1a1c01bbd47fc00a2c39e90264f33305004495a9","hash":"d0d51bb157708089a5e555a9d06a6a06956f7eb0"}
,"C:\\Users\\nicol\\Documents\\petpal-backend\\src\\routes\\petRoutes.js": {"path":"C:\\Users\\nicol\\Documents\\petpal-backend\\src\\routes\\petRoutes.js","statementMap":{"0":{"start":{"line":2,"column":16},"end":{"line":2,"column":34}},"1":{"start":{"line":3,"column":15},"end":{"line":3,"column":31}},"2":{"start":{"line":4,"column":22},"end":{"line":4,"column":61}},"3":{"start":{"line":5,"column":34},"end":{"line":5,"column":73}},"4":{"start":{"line":8,"column":0},"end":{"line":8,"column":62}},"5":{"start":{"line":9,"column":0},"end":{"line":9,"column":55}},"6":{"start":{"line":10,"column":0},"end":{"line":10,"column":58}},"7":{"start":{"line":11,"column":0},"end":{"line":11,"column":65}},"8":{"start":{"line":12,"column":0},"end":{"line":12,"column":67}},"9":{"start":{"line":13,"column":0},"end":{"line":13,"column":70}},"10":{"start":{"line":16,"column":0},"end":{"line":16,"column":24}}},"fnMap":{},"branchMap":{},"s":{"0":1,"1":1,"2":1,"3":1,"4":1,"5":1,"6":1,"7":1,"8":1,"9":1,"10":1},"f":{},"b":{},"_coverageSchema":"1a1c01bbd47fc00a2c39e90264f33305004495a9","hash":"37fb207086b8461d26d3affe01aabd60d6dc6fa9"}
,"C:\\Users\\nicol\\Documents\\petpal-backend\\src\\routes\\petpalRoutes.js": {"path":"C:\\Users\\nicol\\Documents\\petpal-backend\\src\\routes\\petpalRoutes.js","statementMap":{"0":{"start":{"line":2,"column":16},"end":{"line":2,"column":34}},"1":{"start":{"line":3,"column":15},"end":{"line":3,"column":31}},"2":{"start":{"line":4,"column":25},"end":{"line":4,"column":67}},"3":{"start":{"line":5,"column":24},"end":{"line":5,"column":63}},"4":{"start":{"line":9,"column":0},"end":{"line":9,"column":61}},"5":{"start":{"line":10,"column":0},"end":{"line":10,"column":68}},"6":{"start":{"line":11,"column":0},"end":{"line":11,"column":64}},"7":{"start":{"line":12,"column":0},"end":{"line":12,"column":61}},"8":{"start":{"line":13,"column":0},"end":{"line":13,"column":63}},"9":{"start":{"line":14,"column":0},"end":{"line":14,"column":66}},"10":{"start":{"line":20,"column":0},"end":{"line":20,"column":68}},"11":{"start":{"line":21,"column":0},"end":{"line":21,"column":71}},"12":{"start":{"line":24,"column":0},"end":{"line":24,"column":24}}},"fnMap":{},"branchMap":{},"s":{"0":1,"1":1,"2":1,"3":1,"4":1,"5":1,"6":1,"7":1,"8":1,"9":1,"10":1,"11":1,"12":1},"f":{},"b":{},"_coverageSchema":"1a1c01bbd47fc00a2c39e90264f33305004495a9","hash":"fa033766e47dfc453387508af2d4eb50b9d136ab"}
,"C:\\Users\\nicol\\Documents\\petpal-backend\\src\\routes\\reservationRoutes.js": {"path":"C:\\Users\\nicol\\Documents\\petpal-backend\\src\\routes\\reservationRoutes.js","statementMap":{"0":{"start":{"line":2,"column":16},"end":{"line":2,"column":34}},"1":{"start":{"line":3,"column":15},"end":{"line":3,"column":31}},"2":{"start":{"line":4,"column":11},"end":{"line":4,"column":34}},"3":{"start":{"line":5,"column":30},"end":{"line":5,"column":77}},"4":{"start":{"line":6,"column":44},"end":{"line":6,"column":83}},"5":{"start":{"line":8,"column":0},"end":{"line":8,"column":51}},"6":{"start":{"line":11,"column":0},"end":{"line":11,"column":71}},"7":{"start":{"line":12,"column":0},"end":{"line":12,"column":74}},"8":{"start":{"line":13,"column":0},"end":{"line":13,"column":81}},"9":{"start":{"line":14,"column":0},"end":{"line":14,"column":83}},"10":{"start":{"line":15,"column":0},"end":{"line":15,"column":86}},"11":{"start":{"line":16,"column":0},"end":{"line":16,"column":87}},"12":{"start":{"line":17,"column":0},"end":{"line":17,"column":96}},"13":{"start":{"line":18,"column":0},"end":{"line":18,"column":84}},"14":{"start":{"line":19,"column":0},"end":{"line":19,"column":96}},"15":{"start":{"line":20,"column":0},"end":{"line":20,"column":97}},"16":{"start":{"line":29,"column":0},"end":{"line":29,"column":24}}},"fnMap":{},"branchMap":{},"s":{"0":1,"1":1,"2":1,"3":1,"4":1,"5":1,"6":1,"7":1,"8":1,"9":1,"10":1,"11":1,"12":1,"13":1,"14":1,"15":1,"16":1},"f":{},"b":{},"_coverageSchema":"1a1c01bbd47fc00a2c39e90264f33305004495a9","hash":"8baba32f96da3071f4bc96ec080c672e5b07c0be"}
,"C:\\Users\\nicol\\Documents\\petpal-backend\\src\\routes\\userRoutes.js": {"path":"C:\\Users\\nicol\\Documents\\petpal-backend\\src\\routes\\userRoutes.js","statementMap":{"0":{"start":{"line":2,"column":16},"end":{"line":2,"column":34}},"1":{"start":{"line":3,"column":15},"end":{"line":3,"column":31}},"2":{"start":{"line":4,"column":23},"end":{"line":4,"column":63}},"3":{"start":{"line":5,"column":24},"end":{"line":5,"column":63}},"4":{"start":{"line":8,"column":0},"end":{"line":8,"column":57}},"5":{"start":{"line":9,"column":0},"end":{"line":9,"column":60}},"6":{"start":{"line":10,"column":0},"end":{"line":10,"column":59}},"7":{"start":{"line":11,"column":0},"end":{"line":11,"column":62}},"8":{"start":{"line":13,"column":0},"end":{"line":13,"column":24}}},"fnMap":{},"branchMap":{},"s":{"0":1,"1":1,"2":1,"3":1,"4":1,"5":1,"6":1,"7":1,"8":1},"f":{},"b":{},"_coverageSchema":"1a1c01bbd47fc00a2c39e90264f33305004495a9","hash":"1c44293826e11d1b136e79fec4bbd3000fbcf27e"}
}
